<?xml version="1.0" encoding="UTF-8"?>
<!-- Generated by org.testng.reporters.JUnitReportReporter -->
<testsuite hostname="DESKTOP-P2OGEVC" failures="0" tests="1" name="Testcaseone.testcaseone" time="1.282" errors="0" timestamp="2022-09-25T10:09:05 IST" skipped="0">
  <testcase classname="Testcaseone.testcaseone" name="testTestone" time="1.282"/>
  <system-out/>
</testsuite> <!-- Testcaseone.testcaseone -->
