<?xml version="1.0" encoding="UTF-8"?>
<!-- Generated by org.testng.reporters.JUnitReportReporter -->
<testsuite hostname="DESKTOP-P2OGEVC" failures="0" tests="1" name="module2.TestCaseThree" time="0.008" errors="0" timestamp="2022-10-02T09:04:14 IST" skipped="0">
  <testcase classname="module2.TestCaseThree" name="testCaseThree" time="0.008"/>
  <system-out/>
</testsuite> <!-- module2.TestCaseThree -->
