<?xml version="1.0" encoding="UTF-8"?>
<!-- Generated by org.testng.reporters.JUnitReportReporter -->
<testsuite hostname="DESKTOP-P2OGEVC" failures="0" tests="1" name="mouseHover.MenuSubMenu" time="3.673" errors="0" timestamp="2022-10-06T11:37:49 IST" skipped="0">
  <testcase classname="mouseHover.MenuSubMenu" name="testMenuSubMenu" time="3.673"/>
  <system-out/>
</testsuite> <!-- mouseHover.MenuSubMenu -->
