<?xml version="1.0" encoding="UTF-8"?>
<!-- Generated by org.testng.reporters.JUnitReportReporter -->
<testsuite hostname="DESKTOP-P2OGEVC" failures="0" tests="1" name="module2.TestCaseFour" time="0.004" errors="0" timestamp="2022-10-02T09:01:35 IST" skipped="0">
  <testcase classname="module2.TestCaseFour" name="testCaseFour" time="0.004"/>
  <system-out/>
</testsuite> <!-- module2.TestCaseFour -->
