<?xml version="1.0" encoding="UTF-8"?>
<!-- Generated by org.testng.reporters.JUnitReportReporter -->
<testsuite hostname="DESKTOP-P2OGEVC" failures="0" tests="2" name="module1.TestCaseOne" time="0.012" errors="0" timestamp="2022-10-02T08:59:01 IST" skipped="0">
  <testcase classname="module1.TestCaseOne" name="positiveTest" time="0.008"/>
  <system-out/>
  <testcase classname="module1.TestCaseOne" name="negativeTest" time="0.004"/>
  <system-out/>
</testsuite> <!-- module1.TestCaseOne -->
