<?xml version="1.0" encoding="UTF-8"?>
<!-- Generated by org.testng.reporters.JUnitReportReporter -->
<testsuite hostname="DESKTOP-P2OGEVC" failures="0" tests="1" name="frameAnddragAnddrop.HandleFrameAndDragAndDrop" time="2.197" errors="0" timestamp="2022-10-06T11:35:00 IST" skipped="0">
  <testcase classname="frameAnddragAnddrop.HandleFrameAndDragAndDrop" name="testHandleFrameAndDragAndDrop" time="2.197"/>
  <system-out/>
</testsuite> <!-- frameAnddragAnddrop.HandleFrameAndDragAndDrop -->
