<?xml version="1.0" encoding="UTF-8"?>
<!-- Generated by org.testng.reporters.JUnitReportReporter -->
<testsuite hostname="DESKTOP-P2OGEVC" failures="0" tests="1" name="programs.ExtractHomePageLinks" time="1.181" errors="0" timestamp="2022-10-06T11:28:21 IST" skipped="0">
  <testcase classname="programs.ExtractHomePageLinks" name="testExtractHomePageLinks" time="1.181"/>
  <system-out/>
</testsuite> <!-- programs.ExtractHomePageLinks -->
