<?xml version="1.0" encoding="UTF-8"?>
<!-- Generated by org.testng.reporters.JUnitReportReporter -->
<testsuite hostname="DESKTOP-P2OGEVC" failures="0" tests="2" name="Testcaseone.Testmodule" time="0.010" errors="0" timestamp="2022-09-25T10:35:10 IST" skipped="0">
  <testcase classname="Testcaseone.Testmodule" name="positivetest" time="0.007"/>
  <system-out/>
  <testcase classname="Testcaseone.Testmodule" name="negativetest" time="0.003"/>
  <system-out/>
</testsuite> <!-- Testcaseone.Testmodule -->
