<?xml version="1.0" encoding="UTF-8"?>
<!-- Generated by org.testng.reporters.JUnitReportReporter -->
<testsuite hostname="DESKTOP-P2OGEVC" failures="0" tests="1" name="programs.ExtractCategoryLinks" time="19.614" errors="0" timestamp="2022-10-06T11:27:28 IST" skipped="0">
  <testcase classname="programs.ExtractCategoryLinks" name="testExtractHomePageLinks" time="19.614"/>
  <system-out/>
</testsuite> <!-- programs.ExtractCategoryLinks -->
