<?xml version="1.0" encoding="UTF-8"?>
<!-- Generated by org.testng.reporters.JUnitReportReporter -->
<testsuite hostname="DESKTOP-P2OGEVC" failures="0" tests="1" name="module1.TestNGScript" time="0.977" errors="0" timestamp="2022-10-02T09:24:43 IST" skipped="0">
  <testcase classname="module1.TestNGScript" name="testPractice" time="0.977"/>
  <system-out/>
</testsuite> <!-- module1.TestNGScript -->
